2026-07-13T01:53:22.571-04:00  INFO 17856 --- [review-service] [main] c.d.f.r.ReviewServiceM7ApplicationTests  : Starting ReviewServiceM7ApplicationTests using Java 17.0.12 with PID 17856 (started by jonas in C:\Users\jonas\Desktop\evaluacion3-videojuegos\Review_Service_M7)
2026-07-13T01:53:22.595-04:00 DEBUG 17856 --- [review-service] [main] c.d.f.r.ReviewServiceM7ApplicationTests  : Running with Spring Boot v3.4.4, Spring v6.2.5
2026-07-13T01:53:22.598-04:00  INFO 17856 --- [review-service] [main] c.d.f.r.ReviewServiceM7ApplicationTests  : The following 1 profile is active: "h2"
2026-07-13T01:53:26.201-04:00  INFO 17856 --- [review-service] [main] .s.d.r.c.RepositoryConfigurationDelegate : Bootstrapping Spring Data JPA repositories in DEFAULT mode.
2026-07-13T01:53:26.572-04:00  INFO 17856 --- [review-service] [main] .s.d.r.c.RepositoryConfigurationDelegate : Finished Spring Data repository scanning in 291 ms. Found 1 JPA repository interface.
2026-07-13T01:53:28.277-04:00  INFO 17856 --- [review-service] [main] o.hibernate.jpa.internal.util.LogHelper  : HHH000204: Processing PersistenceUnitInfo [name: default]
2026-07-13T01:53:28.604-04:00  INFO 17856 --- [review-service] [main] org.hibernate.Version                    : HHH000412: Hibernate ORM core version 6.6.11.Final
2026-07-13T01:53:28.753-04:00  INFO 17856 --- [review-service] [main] o.h.c.internal.RegionFactoryInitiator    : HHH000026: Second-level cache disabled
2026-07-13T01:53:29.935-04:00  INFO 17856 --- [review-service] [main] o.s.o.j.p.SpringPersistenceUnitInfo      : No LoadTimeWeaver setup: ignoring JPA class transformer
2026-07-13T01:53:30.047-04:00  INFO 17856 --- [review-service] [main] com.zaxxer.hikari.HikariDataSource       : HikariPool-1 - Starting...
2026-07-13T01:53:30.590-04:00  INFO 17856 --- [review-service] [main] com.zaxxer.hikari.pool.HikariPool        : HikariPool-1 - Added connection conn0: url=jdbc:h2:mem:review_db user=SA
2026-07-13T01:53:30.594-04:00  INFO 17856 --- [review-service] [main] com.zaxxer.hikari.HikariDataSource       : HikariPool-1 - Start completed.
2026-07-13T01:53:30.684-04:00  WARN 17856 --- [review-service] [main] org.hibernate.orm.deprecation            : HHH90000025: H2Dialect does not need to be specified explicitly using 'hibernate.dialect' (remove the property setting and it will be selected by default)
2026-07-13T01:53:30.778-04:00  INFO 17856 --- [review-service] [main] org.hibernate.orm.connections.pooling    : HHH10001005: Database info:
	Database JDBC URL [Connecting through datasource 'HikariDataSource (HikariPool-1)']
	Database driver: undefined/unknown
	Database version: 2.3.232
	Autocommit mode: undefined/unknown
	Isolation level: undefined/unknown
	Minimum pool size: undefined/unknown
	Maximum pool size: undefined/unknown
2026-07-13T01:53:33.370-04:00  INFO 17856 --- [review-service] [main] o.h.e.t.j.p.i.JtaPlatformInitiator       : HHH000489: No JTA platform available (set 'hibernate.transaction.jta.platform' to enable JTA platform integration)
2026-07-13T01:53:33.504-04:00  INFO 17856 --- [review-service] [main] j.LocalContainerEntityManagerFactoryBean : Initialized JPA EntityManagerFactory for persistence unit 'default'
2026-07-13T01:53:35.881-04:00  WARN 17856 --- [review-service] [main] .s.s.UserDetailsServiceAutoConfiguration : 

Using generated security password: 9bc4b36d-2d4c-45b7-be2f-c9b970d1c942

This generated password is for development use only. Your security configuration must be updated before running your application in production.

2026-07-13T01:53:36.024-04:00  INFO 17856 --- [review-service] [main] r$InitializeUserDetailsManagerConfigurer : Global AuthenticationManager configured with UserDetailsService bean with name inMemoryUserDetailsManager
2026-07-13T01:53:38.178-04:00  INFO 17856 --- [review-service] [main] o.s.b.a.h2.H2ConsoleAutoConfiguration    : H2 console available at '/h2-console'. Database available at 'jdbc:h2:mem:review_db'
2026-07-13T01:53:38.323-04:00  INFO 17856 --- [review-service] [main] c.d.f.r.ReviewServiceM7ApplicationTests  : Started ReviewServiceM7ApplicationTests in 17.241 seconds (process running for 20.027)
2026-07-13T01:53:40.374-04:00  INFO 17856 --- [review-service] [main] c.d.f.r.service.ReviewService            : Registrando nueva resena para el producto ID: 0
2026-07-13T01:53:40.526-04:00  INFO 17856 --- [review-service] [main] c.d.f.r.service.ReviewService            : Registrando nueva resena para el producto ID: 2
2026-07-13T01:53:40.527-04:00  INFO 17856 --- [review-service] [main] c.d.f.r.service.ReviewService            : Resena registrada exitosamente con ID: 2
2026-07-13T01:53:40.537-04:00  INFO 17856 --- [review-service] [main] c.d.f.r.service.ReviewService            : Registrando nueva resena para el producto ID: null
2026-07-13T01:53:40.545-04:00  INFO 17856 --- [review-service] [main] c.d.f.r.service.ReviewService            : Registrando nueva resena para el producto ID: 1
2026-07-13T01:53:40.546-04:00  INFO 17856 --- [review-service] [main] c.d.f.r.service.ReviewService            : Resena registrada exitosamente con ID: 1
2026-07-13T01:53:40.557-04:00  INFO 17856 --- [review-service] [main] c.d.f.r.service.ReviewService            : Actualizando resena ID: 1
2026-07-13T01:53:40.562-04:00  INFO 17856 --- [review-service] [main] c.d.f.r.service.ReviewService            : Resena ID 1 actualizada exitosamente
2026-07-13T01:53:40.586-04:00  INFO 17856 --- [review-service] [main] c.d.f.r.service.ReviewService            : Actualizando resena ID: 99
2026-07-13T01:53:40.745-04:00  INFO 17856 --- [review-service] [SpringApplicationShutdownHook] j.LocalContainerEntityManagerFactoryBean : Closing JPA EntityManagerFactory for persistence unit 'default'
2026-07-13T01:53:40.765-04:00  INFO 17856 --- [review-service] [SpringApplicationShutdownHook] com.zaxxer.hikari.HikariDataSource       : HikariPool-1 - Shutdown initiated...
2026-07-13T01:53:40.771-04:00  INFO 17856 --- [review-service] [SpringApplicationShutdownHook] com.zaxxer.hikari.HikariDataSource       : HikariPool-1 - Shutdown completed.
2026-07-13T01:54:02.429-04:00  INFO 23328 --- [review-service] [main] c.d.f.r.ReviewServiceM7ApplicationTests  : Starting ReviewServiceM7ApplicationTests using Java 17.0.12 with PID 23328 (started by jonas in C:\Users\jonas\Desktop\evaluacion3-videojuegos\Review_Service_M7)
2026-07-13T01:54:02.433-04:00 DEBUG 23328 --- [review-service] [main] c.d.f.r.ReviewServiceM7ApplicationTests  : Running with Spring Boot v3.4.4, Spring v6.2.5
2026-07-13T01:54:02.434-04:00  INFO 23328 --- [review-service] [main] c.d.f.r.ReviewServiceM7ApplicationTests  : The following 1 profile is active: "h2"
2026-07-13T01:54:05.608-04:00  INFO 23328 --- [review-service] [main] .s.d.r.c.RepositoryConfigurationDelegate : Bootstrapping Spring Data JPA repositories in DEFAULT mode.
2026-07-13T01:54:05.840-04:00  INFO 23328 --- [review-service] [main] .s.d.r.c.RepositoryConfigurationDelegate : Finished Spring Data repository scanning in 186 ms. Found 1 JPA repository interface.
2026-07-13T01:54:07.603-04:00  INFO 23328 --- [review-service] [main] o.hibernate.jpa.internal.util.LogHelper  : HHH000204: Processing PersistenceUnitInfo [name: default]
2026-07-13T01:54:07.885-04:00  INFO 23328 --- [review-service] [main] org.hibernate.Version                    : HHH000412: Hibernate ORM core version 6.6.11.Final
2026-07-13T01:54:08.077-04:00  INFO 23328 --- [review-service] [main] o.h.c.internal.RegionFactoryInitiator    : HHH000026: Second-level cache disabled
2026-07-13T01:54:09.406-04:00  INFO 23328 --- [review-service] [main] o.s.o.j.p.SpringPersistenceUnitInfo      : No LoadTimeWeaver setup: ignoring JPA class transformer
2026-07-13T01:54:09.532-04:00  INFO 23328 --- [review-service] [main] com.zaxxer.hikari.HikariDataSource       : HikariPool-1 - Starting...
2026-07-13T01:54:09.946-04:00  INFO 23328 --- [review-service] [main] com.zaxxer.hikari.pool.HikariPool        : HikariPool-1 - Added connection conn0: url=jdbc:h2:mem:review_db user=SA
2026-07-13T01:54:09.949-04:00  INFO 23328 --- [review-service] [main] com.zaxxer.hikari.HikariDataSource       : HikariPool-1 - Start completed.
2026-07-13T01:54:10.019-04:00  WARN 23328 --- [review-service] [main] org.hibernate.orm.deprecation            : HHH90000025: H2Dialect does not need to be specified explicitly using 'hibernate.dialect' (remove the property setting and it will be selected by default)
2026-07-13T01:54:10.090-04:00  INFO 23328 --- [review-service] [main] org.hibernate.orm.connections.pooling    : HHH10001005: Database info:
	Database JDBC URL [Connecting through datasource 'HikariDataSource (HikariPool-1)']
	Database driver: undefined/unknown
	Database version: 2.3.232
	Autocommit mode: undefined/unknown
	Isolation level: undefined/unknown
	Minimum pool size: undefined/unknown
	Maximum pool size: undefined/unknown
2026-07-13T01:54:13.306-04:00  INFO 23328 --- [review-service] [main] o.h.e.t.j.p.i.JtaPlatformInitiator       : HHH000489: No JTA platform available (set 'hibernate.transaction.jta.platform' to enable JTA platform integration)
2026-07-13T01:54:13.397-04:00  INFO 23328 --- [review-service] [main] j.LocalContainerEntityManagerFactoryBean : Initialized JPA EntityManagerFactory for persistence unit 'default'
2026-07-13T01:54:15.272-04:00  WARN 23328 --- [review-service] [main] .s.s.UserDetailsServiceAutoConfiguration : 

Using generated security password: 33a5e070-39a6-4d71-9647-07b22294f507

This generated password is for development use only. Your security configuration must be updated before running your application in production.

2026-07-13T01:54:15.374-04:00  INFO 23328 --- [review-service] [main] r$InitializeUserDetailsManagerConfigurer : Global AuthenticationManager configured with UserDetailsService bean with name inMemoryUserDetailsManager
2026-07-13T01:54:18.621-04:00  INFO 23328 --- [review-service] [main] o.s.b.a.h2.H2ConsoleAutoConfiguration    : H2 console available at '/h2-console'. Database available at 'jdbc:h2:mem:review_db'
2026-07-13T01:54:18.938-04:00  INFO 23328 --- [review-service] [main] c.d.f.r.ReviewServiceM7ApplicationTests  : Started ReviewServiceM7ApplicationTests in 17.881 seconds (process running for 20.324)
2026-07-13T01:54:21.237-04:00  INFO 23328 --- [review-service] [main] c.d.f.r.service.ReviewService            : Registrando nueva resena para el producto ID: 0
2026-07-13T01:54:21.472-04:00  INFO 23328 --- [review-service] [main] c.d.f.r.service.ReviewService            : Registrando nueva resena para el producto ID: 2
2026-07-13T01:54:21.474-04:00  INFO 23328 --- [review-service] [main] c.d.f.r.service.ReviewService            : Resena registrada exitosamente con ID: 2
2026-07-13T01:54:21.482-04:00  INFO 23328 --- [review-service] [main] c.d.f.r.service.ReviewService            : Registrando nueva resena para el producto ID: null
2026-07-13T01:54:21.491-04:00  INFO 23328 --- [review-service] [main] c.d.f.r.service.ReviewService            : Registrando nueva resena para el producto ID: 1
2026-07-13T01:54:21.494-04:00  INFO 23328 --- [review-service] [main] c.d.f.r.service.ReviewService            : Resena registrada exitosamente con ID: 1
2026-07-13T01:54:21.511-04:00  INFO 23328 --- [review-service] [main] c.d.f.r.service.ReviewService            : Actualizando resena ID: 1
2026-07-13T01:54:21.513-04:00  INFO 23328 --- [review-service] [main] c.d.f.r.service.ReviewService            : Resena ID 1 actualizada exitosamente
2026-07-13T01:54:21.530-04:00  INFO 23328 --- [review-service] [main] c.d.f.r.service.ReviewService            : Actualizando resena ID: 99
2026-07-13T01:54:21.743-04:00  INFO 23328 --- [review-service] [SpringApplicationShutdownHook] j.LocalContainerEntityManagerFactoryBean : Closing JPA EntityManagerFactory for persistence unit 'default'
2026-07-13T01:54:21.768-04:00  INFO 23328 --- [review-service] [SpringApplicationShutdownHook] com.zaxxer.hikari.HikariDataSource       : HikariPool-1 - Shutdown initiated...
2026-07-13T01:54:21.790-04:00  INFO 23328 --- [review-service] [SpringApplicationShutdownHook] com.zaxxer.hikari.HikariDataSource       : HikariPool-1 - Shutdown completed.
2026-07-13T01:55:45.725-04:00  INFO 11208 --- [review-service] [main] c.d.f.r.ReviewServiceM7ApplicationTests  : Starting ReviewServiceM7ApplicationTests using Java 17.0.12 with PID 11208 (started by jonas in C:\Users\jonas\Desktop\evaluacion3-videojuegos\Review_Service_M7)
2026-07-13T01:55:45.730-04:00 DEBUG 11208 --- [review-service] [main] c.d.f.r.ReviewServiceM7ApplicationTests  : Running with Spring Boot v3.4.4, Spring v6.2.5
2026-07-13T01:55:45.732-04:00  INFO 11208 --- [review-service] [main] c.d.f.r.ReviewServiceM7ApplicationTests  : The following 1 profile is active: "h2"
2026-07-13T01:55:48.600-04:00  INFO 11208 --- [review-service] [main] .s.d.r.c.RepositoryConfigurationDelegate : Bootstrapping Spring Data JPA repositories in DEFAULT mode.
2026-07-13T01:55:48.785-04:00  INFO 11208 --- [review-service] [main] .s.d.r.c.RepositoryConfigurationDelegate : Finished Spring Data repository scanning in 157 ms. Found 1 JPA repository interface.
2026-07-13T01:55:50.038-04:00  INFO 11208 --- [review-service] [main] o.hibernate.jpa.internal.util.LogHelper  : HHH000204: Processing PersistenceUnitInfo [name: default]
2026-07-13T01:55:50.374-04:00  INFO 11208 --- [review-service] [main] org.hibernate.Version                    : HHH000412: Hibernate ORM core version 6.6.11.Final
2026-07-13T01:55:50.615-04:00  INFO 11208 --- [review-service] [main] o.h.c.internal.RegionFactoryInitiator    : HHH000026: Second-level cache disabled
2026-07-13T01:55:51.864-04:00  INFO 11208 --- [review-service] [main] o.s.o.j.p.SpringPersistenceUnitInfo      : No LoadTimeWeaver setup: ignoring JPA class transformer
2026-07-13T01:55:51.976-04:00  INFO 11208 --- [review-service] [main] com.zaxxer.hikari.HikariDataSource       : HikariPool-1 - Starting...
2026-07-13T01:55:52.376-04:00  INFO 11208 --- [review-service] [main] com.zaxxer.hikari.pool.HikariPool        : HikariPool-1 - Added connection conn0: url=jdbc:h2:mem:review_db user=SA
2026-07-13T01:55:52.380-04:00  INFO 11208 --- [review-service] [main] com.zaxxer.hikari.HikariDataSource       : HikariPool-1 - Start completed.
2026-07-13T01:55:52.419-04:00  WARN 11208 --- [review-service] [main] org.hibernate.orm.deprecation            : HHH90000025: H2Dialect does not need to be specified explicitly using 'hibernate.dialect' (remove the property setting and it will be selected by default)
2026-07-13T01:55:52.459-04:00  INFO 11208 --- [review-service] [main] org.hibernate.orm.connections.pooling    : HHH10001005: Database info:
	Database JDBC URL [Connecting through datasource 'HikariDataSource (HikariPool-1)']
	Database driver: undefined/unknown
	Database version: 2.3.232
	Autocommit mode: undefined/unknown
	Isolation level: undefined/unknown
	Minimum pool size: undefined/unknown
	Maximum pool size: undefined/unknown
2026-07-13T01:55:54.167-04:00  INFO 11208 --- [review-service] [main] o.h.e.t.j.p.i.JtaPlatformInitiator       : HHH000489: No JTA platform available (set 'hibernate.transaction.jta.platform' to enable JTA platform integration)
2026-07-13T01:55:54.286-04:00  INFO 11208 --- [review-service] [main] j.LocalContainerEntityManagerFactoryBean : Initialized JPA EntityManagerFactory for persistence unit 'default'
2026-07-13T01:55:55.734-04:00  WARN 11208 --- [review-service] [main] .s.s.UserDetailsServiceAutoConfiguration : 

Using generated security password: f9032641-9429-493b-b438-9d19cecb8d1f

This generated password is for development use only. Your security configuration must be updated before running your application in production.

2026-07-13T01:55:55.820-04:00  INFO 11208 --- [review-service] [main] r$InitializeUserDetailsManagerConfigurer : Global AuthenticationManager configured with UserDetailsService bean with name inMemoryUserDetailsManager
2026-07-13T01:55:58.032-04:00  INFO 11208 --- [review-service] [main] o.s.b.a.h2.H2ConsoleAutoConfiguration    : H2 console available at '/h2-console'. Database available at 'jdbc:h2:mem:review_db'
2026-07-13T01:55:58.224-04:00  INFO 11208 --- [review-service] [main] c.d.f.r.ReviewServiceM7ApplicationTests  : Started ReviewServiceM7ApplicationTests in 13.631 seconds (process running for 16.032)
2026-07-13T01:56:00.139-04:00  INFO 11208 --- [review-service] [main] c.d.f.r.service.ReviewService            : Registrando nueva resena para el producto ID: 0
2026-07-13T01:56:00.388-04:00  INFO 11208 --- [review-service] [main] c.d.f.r.service.ReviewService            : Registrando nueva resena para el producto ID: 2
2026-07-13T01:56:00.390-04:00  INFO 11208 --- [review-service] [main] c.d.f.r.service.ReviewService            : Resena registrada exitosamente con ID: 2
2026-07-13T01:56:00.399-04:00  INFO 11208 --- [review-service] [main] c.d.f.r.service.ReviewService            : Registrando nueva resena para el producto ID: null
2026-07-13T01:56:00.411-04:00  INFO 11208 --- [review-service] [main] c.d.f.r.service.ReviewService            : Registrando nueva resena para el producto ID: 1
2026-07-13T01:56:00.414-04:00  INFO 11208 --- [review-service] [main] c.d.f.r.service.ReviewService            : Resena registrada exitosamente con ID: 1
2026-07-13T01:56:00.490-04:00  INFO 11208 --- [review-service] [main] c.d.f.r.service.ReviewService            : Actualizando resena ID: 1
2026-07-13T01:56:00.493-04:00  INFO 11208 --- [review-service] [main] c.d.f.r.service.ReviewService            : Resena ID 1 actualizada exitosamente
2026-07-13T01:56:00.509-04:00  INFO 11208 --- [review-service] [main] c.d.f.r.service.ReviewService            : Actualizando resena ID: 99
2026-07-13T01:56:00.685-04:00  INFO 11208 --- [review-service] [SpringApplicationShutdownHook] j.LocalContainerEntityManagerFactoryBean : Closing JPA EntityManagerFactory for persistence unit 'default'
2026-07-13T01:56:00.698-04:00  INFO 11208 --- [review-service] [SpringApplicationShutdownHook] com.zaxxer.hikari.HikariDataSource       : HikariPool-1 - Shutdown initiated...
2026-07-13T01:56:00.726-04:00  INFO 11208 --- [review-service] [SpringApplicationShutdownHook] com.zaxxer.hikari.HikariDataSource       : HikariPool-1 - Shutdown completed.
