2026-06-28T20:23:05.801-04:00  INFO 17344 --- [inventory-service] [main] d.f.i.InventoryServiceM6ApplicationTests : Starting InventoryServiceM6ApplicationTests using Java 17.0.12 with PID 17344 (started by jonas in C:\Users\jonas\Desktop\evaluacion3-videojuegos\Inventory_Service_M6)
2026-06-28T20:23:05.804-04:00 DEBUG 17344 --- [inventory-service] [main] d.f.i.InventoryServiceM6ApplicationTests : Running with Spring Boot v3.4.4, Spring v6.2.5
2026-06-28T20:23:05.806-04:00  INFO 17344 --- [inventory-service] [main] d.f.i.InventoryServiceM6ApplicationTests : The following 1 profile is active: "h2"
2026-06-28T20:23:08.196-04:00  INFO 17344 --- [inventory-service] [main] .s.d.r.c.RepositoryConfigurationDelegate : Bootstrapping Spring Data JPA repositories in DEFAULT mode.
2026-06-28T20:23:08.331-04:00  INFO 17344 --- [inventory-service] [main] .s.d.r.c.RepositoryConfigurationDelegate : Finished Spring Data repository scanning in 111 ms. Found 1 JPA repository interface.
2026-06-28T20:23:09.484-04:00  INFO 17344 --- [inventory-service] [main] o.hibernate.jpa.internal.util.LogHelper  : HHH000204: Processing PersistenceUnitInfo [name: default]
2026-06-28T20:23:09.676-04:00  INFO 17344 --- [inventory-service] [main] org.hibernate.Version                    : HHH000412: Hibernate ORM core version 6.6.11.Final
2026-06-28T20:23:09.802-04:00  INFO 17344 --- [inventory-service] [main] o.h.c.internal.RegionFactoryInitiator    : HHH000026: Second-level cache disabled
2026-06-28T20:23:10.783-04:00  INFO 17344 --- [inventory-service] [main] o.s.o.j.p.SpringPersistenceUnitInfo      : No LoadTimeWeaver setup: ignoring JPA class transformer
2026-06-28T20:23:10.862-04:00  INFO 17344 --- [inventory-service] [main] com.zaxxer.hikari.HikariDataSource       : HikariPool-1 - Starting...
2026-06-28T20:23:11.292-04:00  INFO 17344 --- [inventory-service] [main] com.zaxxer.hikari.pool.HikariPool        : HikariPool-1 - Added connection conn0: url=jdbc:h2:mem:inventory_db user=SA
2026-06-28T20:23:11.297-04:00  INFO 17344 --- [inventory-service] [main] com.zaxxer.hikari.HikariDataSource       : HikariPool-1 - Start completed.
2026-06-28T20:23:11.355-04:00  WARN 17344 --- [inventory-service] [main] org.hibernate.orm.deprecation            : HHH90000025: H2Dialect does not need to be specified explicitly using 'hibernate.dialect' (remove the property setting and it will be selected by default)
2026-06-28T20:23:11.410-04:00  INFO 17344 --- [inventory-service] [main] org.hibernate.orm.connections.pooling    : HHH10001005: Database info:
	Database JDBC URL [Connecting through datasource 'HikariDataSource (HikariPool-1)']
	Database driver: undefined/unknown
	Database version: 2.3.232
	Autocommit mode: undefined/unknown
	Isolation level: undefined/unknown
	Minimum pool size: undefined/unknown
	Maximum pool size: undefined/unknown
2026-06-28T20:23:12.876-04:00  INFO 17344 --- [inventory-service] [main] o.h.e.t.j.p.i.JtaPlatformInitiator       : HHH000489: No JTA platform available (set 'hibernate.transaction.jta.platform' to enable JTA platform integration)
2026-06-28T20:23:12.945-04:00  INFO 17344 --- [inventory-service] [main] j.LocalContainerEntityManagerFactoryBean : Initialized JPA EntityManagerFactory for persistence unit 'default'
2026-06-28T20:23:14.081-04:00  WARN 17344 --- [inventory-service] [main] .s.s.UserDetailsServiceAutoConfiguration : 

Using generated security password: aaea5709-2fa4-4ce8-88de-f1f93781c44c

This generated password is for development use only. Your security configuration must be updated before running your application in production.

2026-06-28T20:23:14.143-04:00  INFO 17344 --- [inventory-service] [main] r$InitializeUserDetailsManagerConfigurer : Global AuthenticationManager configured with UserDetailsService bean with name inMemoryUserDetailsManager
2026-06-28T20:23:15.719-04:00  INFO 17344 --- [inventory-service] [main] o.s.b.a.h2.H2ConsoleAutoConfiguration    : H2 console available at '/h2-console'. Database available at 'jdbc:h2:mem:inventory_db'
2026-06-28T20:23:16.033-04:00  INFO 17344 --- [inventory-service] [main] d.f.i.InventoryServiceM6ApplicationTests : Started InventoryServiceM6ApplicationTests in 11.25 seconds (process running for 13.132)
2026-06-28T20:23:21.274-04:00  WARN 17344 --- [inventory-service] [main] c.d.f.i.service.InventoryService         : Producto con ID 999 no encontrado en product-service
2026-06-28T20:23:21.410-04:00  INFO 17344 --- [inventory-service] [main] c.d.f.i.service.InventoryService         : Stock actualizado para productId 1: nuevo stock 15
2026-06-28T20:23:21.450-04:00  INFO 17344 --- [inventory-service] [main] c.d.f.i.service.InventoryService         : Stock actualizado para productId 1: nuevo stock 10
2026-06-28T20:23:21.485-04:00  INFO 17344 --- [inventory-service] [main] c.d.f.i.service.InventoryService         : Stock actualizado para productId 1: nuevo stock 15
2026-06-28T20:23:21.832-04:00  INFO 17344 --- [inventory-service] [SpringApplicationShutdownHook] j.LocalContainerEntityManagerFactoryBean : Closing JPA EntityManagerFactory for persistence unit 'default'
2026-06-28T20:23:21.860-04:00  INFO 17344 --- [inventory-service] [SpringApplicationShutdownHook] com.zaxxer.hikari.HikariDataSource       : HikariPool-1 - Shutdown initiated...
2026-06-28T20:23:21.899-04:00  INFO 17344 --- [inventory-service] [SpringApplicationShutdownHook] com.zaxxer.hikari.HikariDataSource       : HikariPool-1 - Shutdown completed.
